<?xml version="1.0" encoding="UTF-8"?>
<testsuite xmlns:xsi="http://www.w3.org/2001/XMLSchema-instance" xsi:noNamespaceSchemaLocation="https://maven.apache.org/surefire/maven-surefire-plugin/xsd/surefire-test-report-3.0.xsd" version="3.0" name="com.itheima.UserServiceTest" time="0.042" tests="2" errors="0" skipped="0" failures="0">
  <properties>
[...]
</properties>
  <testcase name="testGetGender" classname="com.itheima.UserServiceTest" time="0.016">
    <system-out><![CDATA[性别:男
]]></system-out>
  </testcase>
  <testcase name="testGetAge" classname="com.itheima.UserServiceTest" time="0.011">
    <system-out><![CDATA[年龄为:22
]]></system-out>
  </testcase>
</testsuite>